<?xml version="1.0" encoding="UTF-8"?>
<testng-results ignored="0" total="2" passed="2" failed="0" skipped="0">
  <reporter-output>
  </reporter-output>
  <suite started-at="2024-10-21T12:24:49 IST" name="Default suite" finished-at="2024-10-21T12:25:01 IST" duration-ms="12073">
    <groups>
    </groups>
    <test started-at="2024-10-21T12:24:49 IST" name="Default test" finished-at="2024-10-21T12:25:01 IST" duration-ms="12073">
      <class name="testNG.Test2">
        <test-method is-config="true" signature="Before()[pri:0, instance:testNG.Test2@6c130c45]" started-at="2024-10-21T12:24:49 IST" name="Before" finished-at="2024-10-21T12:24:57 IST" duration-ms="7719" status="PASS">
          <reporter-output>
          </reporter-output>
        </test-method> <!-- Before -->
        <test-method signature="ad()[pri:0, instance:testNG.Test2@6c130c45]" started-at="2024-10-21T12:24:57 IST" name="ad" finished-at="2024-10-21T12:24:57 IST" duration-ms="140" status="PASS">
          <reporter-output>
          </reporter-output>
        </test-method> <!-- ad -->
      </class> <!-- testNG.Test2 -->
      <class name="testNG.Test1">
        <test-method is-config="true" signature="Before()[pri:0, instance:testNG.Test1@5562c41e]" started-at="2024-10-21T12:24:57 IST" name="Before" finished-at="2024-10-21T12:25:01 IST" duration-ms="4017" status="PASS">
          <reporter-output>
          </reporter-output>
        </test-method> <!-- Before -->
        <test-method signature="ad()[pri:0, instance:testNG.Test1@5562c41e]" started-at="2024-10-21T12:25:01 IST" name="ad" finished-at="2024-10-21T12:25:01 IST" duration-ms="121" status="PASS">
          <reporter-output>
          </reporter-output>
        </test-method> <!-- ad -->
      </class> <!-- testNG.Test1 -->
    </test> <!-- Default test -->
  </suite> <!-- Default suite -->
</testng-results>
